{"C:\\Users\\saadq\\OneDrive\\Desktop\\VerseCraft Latest\\my-app\\server\\middleware\\auth.js": {"path":"C:\\Users\\saadq\\OneDrive\\Desktop\\VerseCraft Latest\\my-app\\server\\middleware\\auth.js","statementMap":{"0":{"start":{"line":3,"column":12},"end":{"line":3,"column":35}},"1":{"start":{"line":5,"column":0},"end":{"line":22,"column":2}},"2":{"start":{"line":7,"column":16},"end":{"line":7,"column":42}},"3":{"start":{"line":10,"column":2},"end":{"line":12,"column":3}},"4":{"start":{"line":11,"column":4},"end":{"line":11,"column":77}},"5":{"start":{"line":15,"column":2},"end":{"line":21,"column":3}},"6":{"start":{"line":16,"column":20},"end":{"line":16,"column":61}},"7":{"start":{"line":17,"column":4},"end":{"line":17,"column":28}},"8":{"start":{"line":18,"column":4},"end":{"line":18,"column":11}},"9":{"start":{"line":20,"column":4},"end":{"line":20,"column":58}}},"fnMap":{"0":{"name":"(anonymous_0)","decl":{"start":{"line":5,"column":17},"end":{"line":5,"column":18}},"loc":{"start":{"line":5,"column":43},"end":{"line":22,"column":1}},"line":5}},"branchMap":{"0":{"loc":{"start":{"line":10,"column":2},"end":{"line":12,"column":3}},"type":"if","locations":[{"start":{"line":10,"column":2},"end":{"line":12,"column":3}},{"start":{},"end":{}}],"line":10}},"s":{"0":1,"1":1,"2":6,"3":6,"4":6,"5":0,"6":0,"7":0,"8":0,"9":0},"f":{"0":6},"b":{"0":[6,0]},"_coverageSchema":"1a1c01bbd47fc00a2c39e90264f33305004495a9","hash":"9d0d79187153e44fcadf4ecfe4a319f326f4c1c5"}
,"C:\\Users\\saadq\\OneDrive\\Desktop\\VerseCraft Latest\\my-app\\server\\models\\Chapter.js": {"path":"C:\\Users\\saadq\\OneDrive\\Desktop\\VerseCraft Latest\\my-app\\server\\models\\Chapter.js","statementMap":{"0":{"start":{"line":1,"column":17},"end":{"line":1,"column":36}},"1":{"start":{"line":3,"column":22},"end":{"line":41,"column":2}},"2":{"start":{"line":43,"column":0},"end":{"line":46,"column":3}},"3":{"start":{"line":44,"column":2},"end":{"line":44,"column":30}},"4":{"start":{"line":45,"column":2},"end":{"line":45,"column":9}},"5":{"start":{"line":48,"column":0},"end":{"line":48,"column":63}},"6":{"start":{"line":50,"column":0},"end":{"line":50,"column":58}}},"fnMap":{"0":{"name":"(anonymous_0)","decl":{"start":{"line":43,"column":26},"end":{"line":43,"column":27}},"loc":{"start":{"line":43,"column":42},"end":{"line":46,"column":1}},"line":43}},"branchMap":{},"s":{"0":3,"1":3,"2":3,"3":16,"4":16,"5":3,"6":3},"f":{"0":16},"b":{},"_coverageSchema":"1a1c01bbd47fc00a2c39e90264f33305004495a9","hash":"f2beea451e0b5ca972b30ad5bd0c57caf8fbfeca"}
,"C:\\Users\\saadq\\OneDrive\\Desktop\\VerseCraft Latest\\my-app\\server\\models\\CharacterModel.js": {"path":"C:\\Users\\saadq\\OneDrive\\Desktop\\VerseCraft Latest\\my-app\\server\\models\\CharacterModel.js","statementMap":{"0":{"start":{"line":3,"column":17},"end":{"line":3,"column":36}},"1":{"start":{"line":5,"column":20},"end":{"line":8,"column":2}},"2":{"start":{"line":10,"column":24},"end":{"line":27,"column":2}},"3":{"start":{"line":29,"column":0},"end":{"line":29,"column":62}}},"fnMap":{},"branchMap":{},"s":{"0":1,"1":1,"2":1,"3":1},"f":{},"b":{},"_coverageSchema":"1a1c01bbd47fc00a2c39e90264f33305004495a9","hash":"3735580e9298add958d3ded65a8e2127b0855971"}
,"C:\\Users\\saadq\\OneDrive\\Desktop\\VerseCraft Latest\\my-app\\server\\models\\Note.js": {"path":"C:\\Users\\saadq\\OneDrive\\Desktop\\VerseCraft Latest\\my-app\\server\\models\\Note.js","statementMap":{"0":{"start":{"line":3,"column":17},"end":{"line":3,"column":36}},"1":{"start":{"line":5,"column":19},"end":{"line":18,"column":2}},"2":{"start":{"line":21,"column":0},"end":{"line":21,"column":33}},"3":{"start":{"line":23,"column":0},"end":{"line":23,"column":52}}},"fnMap":{},"branchMap":{},"s":{"0":1,"1":1,"2":1,"3":1},"f":{},"b":{},"_coverageSchema":"1a1c01bbd47fc00a2c39e90264f33305004495a9","hash":"580a3c97b1657d7d83952a7cba3f42555d39f2ee"}
,"C:\\Users\\saadq\\OneDrive\\Desktop\\VerseCraft Latest\\my-app\\server\\models\\Novel.js": {"path":"C:\\Users\\saadq\\OneDrive\\Desktop\\VerseCraft Latest\\my-app\\server\\models\\Novel.js","statementMap":{"0":{"start":{"line":2,"column":17},"end":{"line":2,"column":36}},"1":{"start":{"line":5,"column":20},"end":{"line":48,"column":2}},"2":{"start":{"line":50,"column":0},"end":{"line":50,"column":54}}},"fnMap":{},"branchMap":{},"s":{"0":1,"1":1,"2":1},"f":{},"b":{},"_coverageSchema":"1a1c01bbd47fc00a2c39e90264f33305004495a9","hash":"08e6ff7f510b525dd1d7534f9dbfc0a4751b3da3"}
,"C:\\Users\\saadq\\OneDrive\\Desktop\\VerseCraft Latest\\my-app\\server\\models\\NovelChapter.js": {"path":"C:\\Users\\saadq\\OneDrive\\Desktop\\VerseCraft Latest\\my-app\\server\\models\\NovelChapter.js","statementMap":{"0":{"start":{"line":3,"column":17},"end":{"line":3,"column":36}},"1":{"start":{"line":5,"column":27},"end":{"line":13,"column":2}},"2":{"start":{"line":16,"column":0},"end":{"line":19,"column":3}},"3":{"start":{"line":17,"column":2},"end":{"line":17,"column":30}},"4":{"start":{"line":18,"column":2},"end":{"line":18,"column":9}},"5":{"start":{"line":21,"column":0},"end":{"line":21,"column":68}}},"fnMap":{"0":{"name":"(anonymous_0)","decl":{"start":{"line":16,"column":31},"end":{"line":16,"column":32}},"loc":{"start":{"line":16,"column":47},"end":{"line":19,"column":1}},"line":16}},"branchMap":{},"s":{"0":1,"1":1,"2":1,"3":2,"4":2,"5":1},"f":{"0":2},"b":{},"_coverageSchema":"1a1c01bbd47fc00a2c39e90264f33305004495a9","hash":"f7f82a6e45dbbe9440425cfdc49e845ca2f43c4d"}
,"C:\\Users\\saadq\\OneDrive\\Desktop\\VerseCraft Latest\\my-app\\server\\models\\Plot.js": {"path":"C:\\Users\\saadq\\OneDrive\\Desktop\\VerseCraft Latest\\my-app\\server\\models\\Plot.js","statementMap":{"0":{"start":{"line":3,"column":17},"end":{"line":3,"column":36}},"1":{"start":{"line":5,"column":22},"end":{"line":17,"column":18}},"2":{"start":{"line":19,"column":19},"end":{"line":30,"column":24}},"3":{"start":{"line":32,"column":0},"end":{"line":32,"column":52}}},"fnMap":{},"branchMap":{},"s":{"0":1,"1":1,"2":1,"3":1},"f":{},"b":{},"_coverageSchema":"1a1c01bbd47fc00a2c39e90264f33305004495a9","hash":"855265db0038dd8373a123e5c0d994e5d7d8c116"}
,"C:\\Users\\saadq\\OneDrive\\Desktop\\VerseCraft Latest\\my-app\\server\\models\\Publishing.js": {"path":"C:\\Users\\saadq\\OneDrive\\Desktop\\VerseCraft Latest\\my-app\\server\\models\\Publishing.js","statementMap":{"0":{"start":{"line":1,"column":17},"end":{"line":1,"column":36}},"1":{"start":{"line":2,"column":15},"end":{"line":2,"column":30}},"2":{"start":{"line":5,"column":25},"end":{"line":15,"column":2}},"3":{"start":{"line":17,"column":0},"end":{"line":17,"column":64}}},"fnMap":{},"branchMap":{},"s":{"0":1,"1":1,"2":1,"3":1},"f":{},"b":{},"_coverageSchema":"1a1c01bbd47fc00a2c39e90264f33305004495a9","hash":"ad7aa83f4c08d216b9ea430e42932a185fb1559f"}
,"C:\\Users\\saadq\\OneDrive\\Desktop\\VerseCraft Latest\\my-app\\server\\models\\Story.js": {"path":"C:\\Users\\saadq\\OneDrive\\Desktop\\VerseCraft Latest\\my-app\\server\\models\\Story.js","statementMap":{"0":{"start":{"line":2,"column":17},"end":{"line":2,"column":36}},"1":{"start":{"line":5,"column":20},"end":{"line":44,"column":2}},"2":{"start":{"line":49,"column":0},"end":{"line":49,"column":54}}},"fnMap":{},"branchMap":{},"s":{"0":3,"1":3,"2":3},"f":{},"b":{},"_coverageSchema":"1a1c01bbd47fc00a2c39e90264f33305004495a9","hash":"27707ea70a401facdef7bf698ba1ba3afc637a31"}
,"C:\\Users\\saadq\\OneDrive\\Desktop\\VerseCraft Latest\\my-app\\server\\models\\User.js": {"path":"C:\\Users\\saadq\\OneDrive\\Desktop\\VerseCraft Latest\\my-app\\server\\models\\User.js","statementMap":{"0":{"start":{"line":3,"column":17},"end":{"line":3,"column":36}},"1":{"start":{"line":5,"column":19},"end":{"line":16,"column":2}},"2":{"start":{"line":18,"column":0},"end":{"line":18,"column":52}}},"fnMap":{},"branchMap":{},"s":{"0":1,"1":1,"2":1},"f":{},"b":{},"_coverageSchema":"1a1c01bbd47fc00a2c39e90264f33305004495a9","hash":"9d94cfa14436ce3ffecf7043db6f13d96d2439a6"}
,"C:\\Users\\saadq\\OneDrive\\Desktop\\VerseCraft Latest\\my-app\\server\\routes\\CharacterRouter.js": {"path":"C:\\Users\\saadq\\OneDrive\\Desktop\\VerseCraft Latest\\my-app\\server\\routes\\CharacterRouter.js","statementMap":{"0":{"start":{"line":3,"column":16},"end":{"line":3,"column":34}},"1":{"start":{"line":4,"column":15},"end":{"line":4,"column":31}},"2":{"start":{"line":5,"column":18},"end":{"line":5,"column":53}},"3":{"start":{"line":6,"column":15},"end":{"line":6,"column":32}},"4":{"start":{"line":7,"column":13},"end":{"line":7,"column":28}},"5":{"start":{"line":10,"column":16},"end":{"line":18,"column":2}},"6":{"start":{"line":12,"column":4},"end":{"line":12,"column":25}},"7":{"start":{"line":15,"column":25},"end":{"line":15,"column":75}},"8":{"start":{"line":16,"column":4},"end":{"line":16,"column":61}},"9":{"start":{"line":20,"column":15},"end":{"line":20,"column":43}},"10":{"start":{"line":23,"column":0},"end":{"line":75,"column":3}},"11":{"start":{"line":24,"column":2},"end":{"line":74,"column":3}},"12":{"start":{"line":40,"column":8},"end":{"line":40,"column":16}},"13":{"start":{"line":43,"column":33},"end":{"line":43,"column":81}},"14":{"start":{"line":44,"column":36},"end":{"line":44,"column":90}},"15":{"start":{"line":45,"column":32},"end":{"line":45,"column":78}},"16":{"start":{"line":46,"column":32},"end":{"line":46,"column":78}},"17":{"start":{"line":47,"column":25},"end":{"line":47,"column":57}},"18":{"start":{"line":48,"column":29},"end":{"line":48,"column":69}},"19":{"start":{"line":49,"column":24},"end":{"line":49,"column":54}},"20":{"start":{"line":51,"column":25},"end":{"line":67,"column":6}},"21":{"start":{"line":69,"column":27},"end":{"line":69,"column":52}},"22":{"start":{"line":70,"column":4},"end":{"line":70,"column":41}},"23":{"start":{"line":72,"column":4},"end":{"line":72,"column":54}},"24":{"start":{"line":73,"column":4},"end":{"line":73,"column":54}},"25":{"start":{"line":78,"column":0},"end":{"line":90,"column":3}},"26":{"start":{"line":79,"column":2},"end":{"line":89,"column":3}},"27":{"start":{"line":80,"column":26},"end":{"line":80,"column":35}},"28":{"start":{"line":81,"column":4},"end":{"line":83,"column":5}},"29":{"start":{"line":82,"column":6},"end":{"line":82,"column":72}},"30":{"start":{"line":84,"column":23},"end":{"line":84,"column":58}},"31":{"start":{"line":85,"column":4},"end":{"line":85,"column":37}},"32":{"start":{"line":87,"column":4},"end":{"line":87,"column":55}},"33":{"start":{"line":88,"column":4},"end":{"line":88,"column":54}},"34":{"start":{"line":94,"column":0},"end":{"line":105,"column":3}},"35":{"start":{"line":95,"column":2},"end":{"line":104,"column":3}},"36":{"start":{"line":96,"column":22},"end":{"line":96,"column":61}},"37":{"start":{"line":97,"column":4},"end":{"line":99,"column":5}},"38":{"start":{"line":98,"column":6},"end":{"line":98,"column":70}},"39":{"start":{"line":100,"column":4},"end":{"line":100,"column":36}},"40":{"start":{"line":102,"column":4},"end":{"line":102,"column":54}},"41":{"start":{"line":103,"column":4},"end":{"line":103,"column":54}},"42":{"start":{"line":108,"column":0},"end":{"line":170,"column":3}},"43":{"start":{"line":109,"column":2},"end":{"line":169,"column":3}},"44":{"start":{"line":124,"column":8},"end":{"line":124,"column":16}},"45":{"start":{"line":127,"column":33},"end":{"line":127,"column":81}},"46":{"start":{"line":128,"column":36},"end":{"line":128,"column":90}},"47":{"start":{"line":129,"column":32},"end":{"line":129,"column":78}},"48":{"start":{"line":130,"column":32},"end":{"line":130,"column":78}},"49":{"start":{"line":131,"column":25},"end":{"line":131,"column":57}},"50":{"start":{"line":132,"column":29},"end":{"line":132,"column":69}},"51":{"start":{"line":133,"column":24},"end":{"line":133,"column":54}},"52":{"start":{"line":135,"column":24},"end":{"line":149,"column":5}},"53":{"start":{"line":151,"column":4},"end":{"line":153,"column":5}},"54":{"start":{"line":152,"column":6},"end":{"line":152,"column":50}},"55":{"start":{"line":155,"column":29},"end":{"line":159,"column":5}},"56":{"start":{"line":161,"column":4},"end":{"line":163,"column":5}},"57":{"start":{"line":162,"column":6},"end":{"line":162,"column":70}},"58":{"start":{"line":165,"column":4},"end":{"line":165,"column":43}},"59":{"start":{"line":167,"column":4},"end":{"line":167,"column":54}},"60":{"start":{"line":168,"column":4},"end":{"line":168,"column":54}},"61":{"start":{"line":173,"column":0},"end":{"line":184,"column":3}},"62":{"start":{"line":174,"column":2},"end":{"line":183,"column":3}},"63":{"start":{"line":175,"column":29},"end":{"line":175,"column":77}},"64":{"start":{"line":176,"column":4},"end":{"line":178,"column":5}},"65":{"start":{"line":177,"column":6},"end":{"line":177,"column":70}},"66":{"start":{"line":179,"column":4},"end":{"line":179,"column":72}},"67":{"start":{"line":181,"column":4},"end":{"line":181,"column":54}},"68":{"start":{"line":182,"column":4},"end":{"line":182,"column":54}},"69":{"start":{"line":186,"column":0},"end":{"line":186,"column":24}}},"fnMap":{"0":{"name":"(anonymous_0)","decl":{"start":{"line":11,"column":15},"end":{"line":11,"column":16}},"loc":{"start":{"line":11,"column":40},"end":{"line":13,"column":3}},"line":11},"1":{"name":"(anonymous_1)","decl":{"start":{"line":14,"column":12},"end":{"line":14,"column":13}},"loc":{"start":{"line":14,"column":37},"end":{"line":17,"column":3}},"line":14},"2":{"name":"(anonymous_2)","decl":{"start":{"line":23,"column":51},"end":{"line":23,"column":52}},"loc":{"start":{"line":23,"column":71},"end":{"line":75,"column":1}},"line":23},"3":{"name":"(anonymous_3)","decl":{"start":{"line":78,"column":16},"end":{"line":78,"column":17}},"loc":{"start":{"line":78,"column":36},"end":{"line":90,"column":1}},"line":78},"4":{"name":"(anonymous_4)","decl":{"start":{"line":94,"column":19},"end":{"line":94,"column":20}},"loc":{"start":{"line":94,"column":39},"end":{"line":105,"column":1}},"line":94},"5":{"name":"(anonymous_5)","decl":{"start":{"line":108,"column":53},"end":{"line":108,"column":54}},"loc":{"start":{"line":108,"column":73},"end":{"line":170,"column":1}},"line":108},"6":{"name":"(anonymous_6)","decl":{"start":{"line":173,"column":22},"end":{"line":173,"column":23}},"loc":{"start":{"line":173,"column":42},"end":{"line":184,"column":1}},"line":173}},"branchMap":{"0":{"loc":{"start":{"line":43,"column":33},"end":{"line":43,"column":81}},"type":"cond-expr","locations":[{"start":{"line":43,"column":50},"end":{"line":43,"column":76}},{"start":{"line":43,"column":79},"end":{"line":43,"column":81}}],"line":43},"1":{"loc":{"start":{"line":44,"column":36},"end":{"line":44,"column":90}},"type":"cond-expr","locations":[{"start":{"line":44,"column":56},"end":{"line":44,"column":85}},{"start":{"line":44,"column":88},"end":{"line":44,"column":90}}],"line":44},"2":{"loc":{"start":{"line":45,"column":32},"end":{"line":45,"column":78}},"type":"cond-expr","locations":[{"start":{"line":45,"column":48},"end":{"line":45,"column":73}},{"start":{"line":45,"column":76},"end":{"line":45,"column":78}}],"line":45},"3":{"loc":{"start":{"line":46,"column":32},"end":{"line":46,"column":78}},"type":"cond-expr","locations":[{"start":{"line":46,"column":48},"end":{"line":46,"column":73}},{"start":{"line":46,"column":76},"end":{"line":46,"column":78}}],"line":46},"4":{"loc":{"start":{"line":47,"column":25},"end":{"line":47,"column":57}},"type":"cond-expr","locations":[{"start":{"line":47,"column":34},"end":{"line":47,"column":52}},{"start":{"line":47,"column":55},"end":{"line":47,"column":57}}],"line":47},"5":{"loc":{"start":{"line":48,"column":29},"end":{"line":48,"column":69}},"type":"cond-expr","locations":[{"start":{"line":48,"column":42},"end":{"line":48,"column":64}},{"start":{"line":48,"column":67},"end":{"line":48,"column":69}}],"line":48},"6":{"loc":{"start":{"line":49,"column":24},"end":{"line":49,"column":54}},"type":"cond-expr","locations":[{"start":{"line":49,"column":32},"end":{"line":49,"column":49}},{"start":{"line":49,"column":52},"end":{"line":49,"column":54}}],"line":49},"7":{"loc":{"start":{"line":66,"column":23},"end":{"line":66,"column":54}},"type":"cond-expr","locations":[{"start":{"line":66,"column":34},"end":{"line":66,"column":47}},{"start":{"line":66,"column":50},"end":{"line":66,"column":54}}],"line":66},"8":{"loc":{"start":{"line":81,"column":4},"end":{"line":83,"column":5}},"type":"if","locations":[{"start":{"line":81,"column":4},"end":{"line":83,"column":5}},{"start":{},"end":{}}],"line":81},"9":{"loc":{"start":{"line":97,"column":4},"end":{"line":99,"column":5}},"type":"if","locations":[{"start":{"line":97,"column":4},"end":{"line":99,"column":5}},{"start":{},"end":{}}],"line":97},"10":{"loc":{"start":{"line":127,"column":33},"end":{"line":127,"column":81}},"type":"cond-expr","locations":[{"start":{"line":127,"column":50},"end":{"line":127,"column":76}},{"start":{"line":127,"column":79},"end":{"line":127,"column":81}}],"line":127},"11":{"loc":{"start":{"line":128,"column":36},"end":{"line":128,"column":90}},"type":"cond-expr","locations":[{"start":{"line":128,"column":56},"end":{"line":128,"column":85}},{"start":{"line":128,"column":88},"end":{"line":128,"column":90}}],"line":128},"12":{"loc":{"start":{"line":129,"column":32},"end":{"line":129,"column":78}},"type":"cond-expr","locations":[{"start":{"line":129,"column":48},"end":{"line":129,"column":73}},{"start":{"line":129,"column":76},"end":{"line":129,"column":78}}],"line":129},"13":{"loc":{"start":{"line":130,"column":32},"end":{"line":130,"column":78}},"type":"cond-expr","locations":[{"start":{"line":130,"column":48},"end":{"line":130,"column":73}},{"start":{"line":130,"column":76},"end":{"line":130,"column":78}}],"line":130},"14":{"loc":{"start":{"line":131,"column":25},"end":{"line":131,"column":57}},"type":"cond-expr","locations":[{"start":{"line":131,"column":34},"end":{"line":131,"column":52}},{"start":{"line":131,"column":55},"end":{"line":131,"column":57}}],"line":131},"15":{"loc":{"start":{"line":132,"column":29},"end":{"line":132,"column":69}},"type":"cond-expr","locations":[{"start":{"line":132,"column":42},"end":{"line":132,"column":64}},{"start":{"line":132,"column":67},"end":{"line":132,"column":69}}],"line":132},"16":{"loc":{"start":{"line":133,"column":24},"end":{"line":133,"column":54}},"type":"cond-expr","locations":[{"start":{"line":133,"column":32},"end":{"line":133,"column":49}},{"start":{"line":133,"column":52},"end":{"line":133,"column":54}}],"line":133},"17":{"loc":{"start":{"line":151,"column":4},"end":{"line":153,"column":5}},"type":"if","locations":[{"start":{"line":151,"column":4},"end":{"line":153,"column":5}},{"start":{},"end":{}}],"line":151},"18":{"loc":{"start":{"line":161,"column":4},"end":{"line":163,"column":5}},"type":"if","locations":[{"start":{"line":161,"column":4},"end":{"line":163,"column":5}},{"start":{},"end":{}}],"line":161},"19":{"loc":{"start":{"line":176,"column":4},"end":{"line":178,"column":5}},"type":"if","locations":[{"start":{"line":176,"column":4},"end":{"line":178,"column":5}},{"start":{},"end":{}}],"line":176}},"s":{"0":1,"1":1,"2":1,"3":1,"4":1,"5":1,"6":0,"7":0,"8":0,"9":1,"10":1,"11":1,"12":1,"13":1,"14":1,"15":1,"16":1,"17":1,"18":1,"19":1,"20":1,"21":1,"22":1,"23":0,"24":0,"25":1,"26":1,"27":1,"28":1,"29":0,"30":1,"31":1,"32":0,"33":0,"34":1,"35":1,"36":1,"37":1,"38":0,"39":1,"40":0,"41":0,"42":1,"43":1,"44":1,"45":1,"46":1,"47":1,"48":1,"49":1,"50":1,"51":1,"52":1,"53":1,"54":0,"55":1,"56":1,"57":0,"58":1,"59":0,"60":0,"61":1,"62":1,"63":1,"64":1,"65":0,"66":1,"67":0,"68":0,"69":1},"f":{"0":0,"1":0,"2":1,"3":1,"4":1,"5":1,"6":1},"b":{"0":[0,1],"1":[0,1],"2":[0,1],"3":[0,1],"4":[0,1],"5":[0,1],"6":[0,1],"7":[0,1],"8":[0,1],"9":[0,1],"10":[0,1],"11":[0,1],"12":[0,1],"13":[0,1],"14":[0,1],"15":[0,1],"16":[0,1],"17":[0,1],"18":[0,1],"19":[0,1]},"_coverageSchema":"1a1c01bbd47fc00a2c39e90264f33305004495a9","hash":"2c8b31da99927eb726507f8591a2bb8a74de00dc"}
,"C:\\Users\\saadq\\OneDrive\\Desktop\\VerseCraft Latest\\my-app\\server\\routes\\PlotRoutes.js": {"path":"C:\\Users\\saadq\\OneDrive\\Desktop\\VerseCraft Latest\\my-app\\server\\routes\\PlotRoutes.js","statementMap":{"0":{"start":{"line":3,"column":16},"end":{"line":3,"column":34}},"1":{"start":{"line":4,"column":15},"end":{"line":4,"column":31}},"2":{"start":{"line":5,"column":13},"end":{"line":5,"column":38}},"3":{"start":{"line":6,"column":16},"end":{"line":6,"column":44}},"4":{"start":{"line":15,"column":0},"end":{"line":31,"column":3}},"5":{"start":{"line":16,"column":4},"end":{"line":30,"column":5}},"6":{"start":{"line":17,"column":30},"end":{"line":17,"column":40}},"7":{"start":{"line":25,"column":22},"end":{"line":25,"column":61}},"8":{"start":{"line":26,"column":8},"end":{"line":26,"column":24}},"9":{"start":{"line":28,"column":8},"end":{"line":28,"column":54}},"10":{"start":{"line":29,"column":8},"end":{"line":29,"column":74}},"11":{"start":{"line":34,"column":0},"end":{"line":72,"column":3}},"12":{"start":{"line":35,"column":4},"end":{"line":71,"column":5}},"13":{"start":{"line":36,"column":30},"end":{"line":36,"column":40}},"14":{"start":{"line":37,"column":35},"end":{"line":37,"column":43}},"15":{"start":{"line":40,"column":8},"end":{"line":42,"column":9}},"16":{"start":{"line":41,"column":12},"end":{"line":41,"column":99}},"17":{"start":{"line":51,"column":32},"end":{"line":51,"column":34}},"18":{"start":{"line":52,"column":8},"end":{"line":58,"column":9}},"19":{"start":{"line":53,"column":12},"end":{"line":57,"column":16}},"20":{"start":{"line":53,"column":57},"end":{"line":57,"column":13}},"21":{"start":{"line":60,"column":24},"end":{"line":64,"column":10}},"22":{"start":{"line":66,"column":8},"end":{"line":66,"column":29}},"23":{"start":{"line":67,"column":8},"end":{"line":67,"column":38}},"24":{"start":{"line":69,"column":8},"end":{"line":69,"column":53}},"25":{"start":{"line":70,"column":8},"end":{"line":70,"column":73}},"26":{"start":{"line":75,"column":0},"end":{"line":111,"column":3}},"27":{"start":{"line":76,"column":4},"end":{"line":110,"column":5}},"28":{"start":{"line":77,"column":38},"end":{"line":77,"column":48}},"29":{"start":{"line":78,"column":35},"end":{"line":78,"column":43}},"30":{"start":{"line":81,"column":21},"end":{"line":81,"column":76}},"31":{"start":{"line":82,"column":8},"end":{"line":84,"column":9}},"32":{"start":{"line":83,"column":12},"end":{"line":83,"column":89}},"33":{"start":{"line":87,"column":8},"end":{"line":92,"column":9}},"34":{"start":{"line":88,"column":12},"end":{"line":90,"column":13}},"35":{"start":{"line":89,"column":16},"end":{"line":89,"column":87}},"36":{"start":{"line":91,"column":12},"end":{"line":91,"column":36}},"37":{"start":{"line":93,"column":8},"end":{"line":103,"column":9}},"38":{"start":{"line":94,"column":12},"end":{"line":96,"column":13}},"39":{"start":{"line":95,"column":16},"end":{"line":95,"column":87}},"40":{"start":{"line":98,"column":12},"end":{"line":102,"column":16}},"41":{"start":{"line":98,"column":53},"end":{"line":102,"column":13}},"42":{"start":{"line":105,"column":8},"end":{"line":105,"column":26}},"43":{"start":{"line":106,"column":8},"end":{"line":106,"column":23}},"44":{"start":{"line":108,"column":8},"end":{"line":108,"column":53}},"45":{"start":{"line":109,"column":8},"end":{"line":109,"column":73}},"46":{"start":{"line":114,"column":0},"end":{"line":130,"column":3}},"47":{"start":{"line":115,"column":4},"end":{"line":129,"column":5}},"48":{"start":{"line":116,"column":38},"end":{"line":116,"column":48}},"49":{"start":{"line":119,"column":21},"end":{"line":119,"column":76}},"50":{"start":{"line":120,"column":8},"end":{"line":122,"column":9}},"51":{"start":{"line":121,"column":12},"end":{"line":121,"column":89}},"52":{"start":{"line":124,"column":8},"end":{"line":124,"column":28}},"53":{"start":{"line":125,"column":8},"end":{"line":125,"column":60}},"54":{"start":{"line":127,"column":8},"end":{"line":127,"column":53}},"55":{"start":{"line":128,"column":8},"end":{"line":128,"column":73}},"56":{"start":{"line":132,"column":0},"end":{"line":132,"column":24}}},"fnMap":{"0":{"name":"(anonymous_0)","decl":{"start":{"line":15,"column":45},"end":{"line":15,"column":46}},"loc":{"start":{"line":15,"column":65},"end":{"line":31,"column":1}},"line":15},"1":{"name":"(anonymous_1)","decl":{"start":{"line":34,"column":46},"end":{"line":34,"column":47}},"loc":{"start":{"line":34,"column":66},"end":{"line":72,"column":1}},"line":34},"2":{"name":"(anonymous_2)","decl":{"start":{"line":53,"column":45},"end":{"line":53,"column":46}},"loc":{"start":{"line":53,"column":57},"end":{"line":57,"column":13}},"line":53},"3":{"name":"(anonymous_3)","decl":{"start":{"line":75,"column":53},"end":{"line":75,"column":54}},"loc":{"start":{"line":75,"column":73},"end":{"line":111,"column":1}},"line":75},"4":{"name":"(anonymous_4)","decl":{"start":{"line":98,"column":41},"end":{"line":98,"column":42}},"loc":{"start":{"line":98,"column":53},"end":{"line":102,"column":13}},"line":98},"5":{"name":"(anonymous_5)","decl":{"start":{"line":114,"column":56},"end":{"line":114,"column":57}},"loc":{"start":{"line":114,"column":76},"end":{"line":130,"column":1}},"line":114}},"branchMap":{"0":{"loc":{"start":{"line":40,"column":8},"end":{"line":42,"column":9}},"type":"if","locations":[{"start":{"line":40,"column":8},"end":{"line":42,"column":9}},{"start":{},"end":{}}],"line":40},"1":{"loc":{"start":{"line":40,"column":12},"end":{"line":40,"column":39}},"type":"binary-expr","locations":[{"start":{"line":40,"column":12},"end":{"line":40,"column":17}},{"start":{"line":40,"column":21},"end":{"line":40,"column":39}}],"line":40},"2":{"loc":{"start":{"line":52,"column":8},"end":{"line":58,"column":9}},"type":"if","locations":[{"start":{"line":52,"column":8},"end":{"line":58,"column":9}},{"start":{},"end":{}}],"line":52},"3":{"loc":{"start":{"line":52,"column":12},"end":{"line":52,"column":47}},"type":"binary-expr","locations":[{"start":{"line":52,"column":12},"end":{"line":52,"column":20}},{"start":{"line":52,"column":24},"end":{"line":52,"column":47}}],"line":52},"4":{"loc":{"start":{"line":54,"column":22},"end":{"line":54,"column":77}},"type":"cond-expr","locations":[{"start":{"line":54,"column":37},"end":{"line":54,"column":56}},{"start":{"line":54,"column":59},"end":{"line":54,"column":77}}],"line":54},"5":{"loc":{"start":{"line":55,"column":25},"end":{"line":55,"column":70}},"type":"cond-expr","locations":[{"start":{"line":55,"column":43},"end":{"line":55,"column":65}},{"start":{"line":55,"column":68},"end":{"line":55,"column":70}}],"line":55},"6":{"loc":{"start":{"line":56,"column":28},"end":{"line":56,"column":87}},"type":"cond-expr","locations":[{"start":{"line":56,"column":64},"end":{"line":56,"column":82}},{"start":{"line":56,"column":85},"end":{"line":56,"column":87}}],"line":56},"7":{"loc":{"start":{"line":82,"column":8},"end":{"line":84,"column":9}},"type":"if","locations":[{"start":{"line":82,"column":8},"end":{"line":84,"column":9}},{"start":{},"end":{}}],"line":82},"8":{"loc":{"start":{"line":87,"column":8},"end":{"line":92,"column":9}},"type":"if","locations":[{"start":{"line":87,"column":8},"end":{"line":92,"column":9}},{"start":{},"end":{}}],"line":87},"9":{"loc":{"start":{"line":88,"column":12},"end":{"line":90,"column":13}},"type":"if","locations":[{"start":{"line":88,"column":12},"end":{"line":90,"column":13}},{"start":{},"end":{}}],"line":88},"10":{"loc":{"start":{"line":93,"column":8},"end":{"line":103,"column":9}},"type":"if","locations":[{"start":{"line":93,"column":8},"end":{"line":103,"column":9}},{"start":{},"end":{}}],"line":93},"11":{"loc":{"start":{"line":94,"column":12},"end":{"line":96,"column":13}},"type":"if","locations":[{"start":{"line":94,"column":12},"end":{"line":96,"column":13}},{"start":{},"end":{}}],"line":94},"12":{"loc":{"start":{"line":99,"column":22},"end":{"line":99,"column":77}},"type":"cond-expr","locations":[{"start":{"line":99,"column":37},"end":{"line":99,"column":56}},{"start":{"line":99,"column":59},"end":{"line":99,"column":77}}],"line":99},"13":{"loc":{"start":{"line":100,"column":25},"end":{"line":100,"column":70}},"type":"cond-expr","locations":[{"start":{"line":100,"column":43},"end":{"line":100,"column":65}},{"start":{"line":100,"column":68},"end":{"line":100,"column":70}}],"line":100},"14":{"loc":{"start":{"line":101,"column":28},"end":{"line":101,"column":87}},"type":"cond-expr","locations":[{"start":{"line":101,"column":64},"end":{"line":101,"column":82}},{"start":{"line":101,"column":85},"end":{"line":101,"column":87}}],"line":101},"15":{"loc":{"start":{"line":120,"column":8},"end":{"line":122,"column":9}},"type":"if","locations":[{"start":{"line":120,"column":8},"end":{"line":122,"column":9}},{"start":{},"end":{}}],"line":120}},"s":{"0":1,"1":1,"2":1,"3":1,"4":1,"5":2,"6":2,"7":2,"8":2,"9":0,"10":0,"11":1,"12":3,"13":3,"14":3,"15":3,"16":1,"17":2,"18":2,"19":0,"20":0,"21":2,"22":2,"23":2,"24":0,"25":0,"26":1,"27":3,"28":3,"29":3,"30":3,"31":3,"32":1,"33":2,"34":1,"35":0,"36":1,"37":2,"38":0,"39":0,"40":0,"41":0,"42":2,"43":2,"44":0,"45":0,"46":1,"47":2,"48":2,"49":2,"50":2,"51":1,"52":1,"53":0,"54":1,"55":1,"56":1},"f":{"0":2,"1":3,"2":0,"3":3,"4":0,"5":2},"b":{"0":[1,2],"1":[3,2],"2":[0,2],"3":[2,0],"4":[0,0],"5":[0,0],"6":[0,0],"7":[1,2],"8":[1,1],"9":[0,1],"10":[0,2],"11":[0,0],"12":[0,0],"13":[0,0],"14":[0,0],"15":[1,1]},"_coverageSchema":"1a1c01bbd47fc00a2c39e90264f33305004495a9","hash":"1966e0e36624024d3dabb3c02bd7eef0a318fccd"}
,"C:\\Users\\saadq\\OneDrive\\Desktop\\VerseCraft Latest\\my-app\\server\\routes\\getChapter.js": {"path":"C:\\Users\\saadq\\OneDrive\\Desktop\\VerseCraft Latest\\my-app\\server\\routes\\getChapter.js","statementMap":{"0":{"start":{"line":1,"column":16},"end":{"line":1,"column":34}},"1":{"start":{"line":2,"column":15},"end":{"line":2,"column":31}},"2":{"start":{"line":5,"column":14},"end":{"line":5,"column":40}},"3":{"start":{"line":6,"column":14},"end":{"line":6,"column":40}},"4":{"start":{"line":7,"column":13},"end":{"line":7,"column":38}},"5":{"start":{"line":8,"column":16},"end":{"line":8,"column":44}},"6":{"start":{"line":9,"column":21},"end":{"line":9,"column":54}},"7":{"start":{"line":10,"column":20},"end":{"line":10,"column":52}},"8":{"start":{"line":13,"column":0},"end":{"line":48,"column":3}},"9":{"start":{"line":14,"column":22},"end":{"line":14,"column":42}},"10":{"start":{"line":16,"column":4},"end":{"line":47,"column":5}},"11":{"start":{"line":18,"column":22},"end":{"line":18,"column":53}},"12":{"start":{"line":19,"column":8},"end":{"line":23,"column":9}},"13":{"start":{"line":21,"column":29},"end":{"line":21,"column":89}},"14":{"start":{"line":22,"column":12},"end":{"line":22,"column":50}},"15":{"start":{"line":26,"column":8},"end":{"line":26,"column":50}},"16":{"start":{"line":27,"column":8},"end":{"line":31,"column":9}},"17":{"start":{"line":29,"column":29},"end":{"line":29,"column":98}},"18":{"start":{"line":30,"column":12},"end":{"line":30,"column":50}},"19":{"start":{"line":34,"column":8},"end":{"line":34,"column":49}},"20":{"start":{"line":35,"column":8},"end":{"line":39,"column":9}},"21":{"start":{"line":37,"column":29},"end":{"line":37,"column":97}},"22":{"start":{"line":38,"column":12},"end":{"line":38,"column":50}},"23":{"start":{"line":42,"column":8},"end":{"line":42,"column":71}},"24":{"start":{"line":45,"column":8},"end":{"line":45,"column":55}},"25":{"start":{"line":46,"column":8},"end":{"line":46,"column":68}},"26":{"start":{"line":50,"column":0},"end":{"line":50,"column":24}}},"fnMap":{"0":{"name":"(anonymous_0)","decl":{"start":{"line":13,"column":35},"end":{"line":13,"column":36}},"loc":{"start":{"line":13,"column":55},"end":{"line":48,"column":1}},"line":13}},"branchMap":{"0":{"loc":{"start":{"line":19,"column":8},"end":{"line":23,"column":9}},"type":"if","locations":[{"start":{"line":19,"column":8},"end":{"line":23,"column":9}},{"start":{},"end":{}}],"line":19},"1":{"loc":{"start":{"line":27,"column":8},"end":{"line":31,"column":9}},"type":"if","locations":[{"start":{"line":27,"column":8},"end":{"line":31,"column":9}},{"start":{},"end":{}}],"line":27},"2":{"loc":{"start":{"line":35,"column":8},"end":{"line":39,"column":9}},"type":"if","locations":[{"start":{"line":35,"column":8},"end":{"line":39,"column":9}},{"start":{},"end":{}}],"line":35}},"s":{"0":1,"1":1,"2":1,"3":1,"4":1,"5":1,"6":1,"7":1,"8":1,"9":4,"10":4,"11":4,"12":4,"13":1,"14":1,"15":3,"16":3,"17":1,"18":1,"19":2,"20":2,"21":0,"22":0,"23":2,"24":0,"25":0,"26":1},"f":{"0":4},"b":{"0":[1,3],"1":[1,2],"2":[0,2]},"_coverageSchema":"1a1c01bbd47fc00a2c39e90264f33305004495a9","hash":"01afa95a043b76ef63e7bb51d4117d566a7267f3"}
,"C:\\Users\\saadq\\OneDrive\\Desktop\\VerseCraft Latest\\my-app\\server\\routes\\noteRoutes": {"path":"C:\\Users\\saadq\\OneDrive\\Desktop\\VerseCraft Latest\\my-app\\server\\routes\\noteRoutes","statementMap":{"0":{"start":{"line":3,"column":16},"end":{"line":3,"column":34}},"1":{"start":{"line":4,"column":15},"end":{"line":4,"column":31}},"2":{"start":{"line":5,"column":13},"end":{"line":5,"column":38}},"3":{"start":{"line":6,"column":16},"end":{"line":6,"column":44}},"4":{"start":{"line":9,"column":27},"end":{"line":21,"column":1}},"5":{"start":{"line":10,"column":4},"end":{"line":20,"column":5}},"6":{"start":{"line":11,"column":24},"end":{"line":11,"column":68}},"7":{"start":{"line":12,"column":8},"end":{"line":14,"column":9}},"8":{"start":{"line":13,"column":12},"end":{"line":13,"column":74}},"9":{"start":{"line":15,"column":8},"end":{"line":15,"column":30}},"10":{"start":{"line":16,"column":8},"end":{"line":16,"column":15}},"11":{"start":{"line":18,"column":8},"end":{"line":18,"column":64}},"12":{"start":{"line":19,"column":8},"end":{"line":19,"column":88}},"13":{"start":{"line":28,"column":0},"end":{"line":47,"column":3}},"14":{"start":{"line":29,"column":4},"end":{"line":46,"column":5}},"15":{"start":{"line":30,"column":28},"end":{"line":30,"column":36}},"16":{"start":{"line":32,"column":8},"end":{"line":34,"column":9}},"17":{"start":{"line":33,"column":12},"end":{"line":33,"column":82}},"18":{"start":{"line":36,"column":24},"end":{"line":39,"column":10}},"19":{"start":{"line":41,"column":26},"end":{"line":41,"column":46}},"20":{"start":{"line":42,"column":8},"end":{"line":42,"column":40}},"21":{"start":{"line":44,"column":8},"end":{"line":44,"column":51}},"22":{"start":{"line":45,"column":8},"end":{"line":45,"column":55}},"23":{"start":{"line":50,"column":0},"end":{"line":58,"column":3}},"24":{"start":{"line":51,"column":4},"end":{"line":57,"column":5}},"25":{"start":{"line":52,"column":22},"end":{"line":52,"column":96}},"26":{"start":{"line":53,"column":8},"end":{"line":53,"column":36}},"27":{"start":{"line":55,"column":8},"end":{"line":55,"column":52}},"28":{"start":{"line":56,"column":8},"end":{"line":56,"column":55}},"29":{"start":{"line":61,"column":0},"end":{"line":71,"column":3}},"30":{"start":{"line":62,"column":4},"end":{"line":70,"column":5}},"31":{"start":{"line":63,"column":21},"end":{"line":63,"column":68}},"32":{"start":{"line":64,"column":8},"end":{"line":64,"column":79}},"33":{"start":{"line":64,"column":19},"end":{"line":64,"column":79}},"34":{"start":{"line":66,"column":8},"end":{"line":66,"column":72}},"35":{"start":{"line":68,"column":8},"end":{"line":68,"column":51}},"36":{"start":{"line":69,"column":8},"end":{"line":69,"column":55}},"37":{"start":{"line":74,"column":0},"end":{"line":94,"column":3}},"38":{"start":{"line":75,"column":4},"end":{"line":93,"column":5}},"39":{"start":{"line":76,"column":28},"end":{"line":76,"column":36}},"40":{"start":{"line":78,"column":8},"end":{"line":80,"column":9}},"41":{"start":{"line":79,"column":12},"end":{"line":79,"column":82}},"42":{"start":{"line":82,"column":21},"end":{"line":82,"column":59}},"43":{"start":{"line":83,"column":8},"end":{"line":85,"column":9}},"44":{"start":{"line":84,"column":12},"end":{"line":84,"column":72}},"45":{"start":{"line":87,"column":8},"end":{"line":87,"column":38}},"46":{"start":{"line":88,"column":28},"end":{"line":88,"column":45}},"47":{"start":{"line":89,"column":8},"end":{"line":89,"column":42}},"48":{"start":{"line":91,"column":8},"end":{"line":91,"column":51}},"49":{"start":{"line":92,"column":8},"end":{"line":92,"column":55}},"50":{"start":{"line":96,"column":0},"end":{"line":96,"column":24}}},"fnMap":{"0":{"name":"(anonymous_0)","decl":{"start":{"line":9,"column":27},"end":{"line":9,"column":28}},"loc":{"start":{"line":9,"column":53},"end":{"line":21,"column":1}},"line":9},"1":{"name":"(anonymous_1)","decl":{"start":{"line":28,"column":79},"end":{"line":28,"column":80}},"loc":{"start":{"line":28,"column":99},"end":{"line":47,"column":1}},"line":28},"2":{"name":"(anonymous_2)","decl":{"start":{"line":50,"column":78},"end":{"line":50,"column":79}},"loc":{"start":{"line":50,"column":98},"end":{"line":58,"column":1}},"line":50},"3":{"name":"(anonymous_3)","decl":{"start":{"line":61,"column":32},"end":{"line":61,"column":33}},"loc":{"start":{"line":61,"column":52},"end":{"line":71,"column":1}},"line":61},"4":{"name":"(anonymous_4)","decl":{"start":{"line":74,"column":29},"end":{"line":74,"column":30}},"loc":{"start":{"line":74,"column":49},"end":{"line":94,"column":1}},"line":74}},"branchMap":{"0":{"loc":{"start":{"line":12,"column":8},"end":{"line":14,"column":9}},"type":"if","locations":[{"start":{"line":12,"column":8},"end":{"line":14,"column":9}},{"start":{},"end":{}}],"line":12},"1":{"loc":{"start":{"line":32,"column":8},"end":{"line":34,"column":9}},"type":"if","locations":[{"start":{"line":32,"column":8},"end":{"line":34,"column":9}},{"start":{},"end":{}}],"line":32},"2":{"loc":{"start":{"line":32,"column":12},"end":{"line":32,"column":45}},"type":"binary-expr","locations":[{"start":{"line":32,"column":12},"end":{"line":32,"column":20}},{"start":{"line":32,"column":24},"end":{"line":32,"column":45}}],"line":32},"3":{"loc":{"start":{"line":64,"column":8},"end":{"line":64,"column":79}},"type":"if","locations":[{"start":{"line":64,"column":8},"end":{"line":64,"column":79}},{"start":{},"end":{}}],"line":64},"4":{"loc":{"start":{"line":78,"column":8},"end":{"line":80,"column":9}},"type":"if","locations":[{"start":{"line":78,"column":8},"end":{"line":80,"column":9}},{"start":{},"end":{}}],"line":78},"5":{"loc":{"start":{"line":78,"column":12},"end":{"line":78,"column":45}},"type":"binary-expr","locations":[{"start":{"line":78,"column":12},"end":{"line":78,"column":20}},{"start":{"line":78,"column":24},"end":{"line":78,"column":45}}],"line":78},"6":{"loc":{"start":{"line":83,"column":8},"end":{"line":85,"column":9}},"type":"if","locations":[{"start":{"line":83,"column":8},"end":{"line":85,"column":9}},{"start":{},"end":{}}],"line":83}},"s":{"0":1,"1":1,"2":1,"3":1,"4":1,"5":5,"6":5,"7":5,"8":4,"9":1,"10":1,"11":0,"12":0,"13":1,"14":1,"15":1,"16":1,"17":1,"18":0,"19":0,"20":0,"21":0,"22":0,"23":1,"24":0,"25":0,"26":0,"27":0,"28":0,"29":1,"30":2,"31":2,"32":2,"33":1,"34":1,"35":0,"36":0,"37":1,"38":3,"39":3,"40":3,"41":1,"42":2,"43":2,"44":1,"45":1,"46":1,"47":1,"48":0,"49":0,"50":1},"f":{"0":5,"1":1,"2":0,"3":2,"4":3},"b":{"0":[4,1],"1":[1,0],"2":[1,0],"3":[1,1],"4":[1,2],"5":[3,2],"6":[1,1]},"inputSourceMap":null,"_coverageSchema":"1a1c01bbd47fc00a2c39e90264f33305004495a9","hash":"eb7737d499b14363b92198c7163074004785340b"}
,"C:\\Users\\saadq\\OneDrive\\Desktop\\VerseCraft Latest\\my-app\\server\\routes\\publishingRoutes.js": {"path":"C:\\Users\\saadq\\OneDrive\\Desktop\\VerseCraft Latest\\my-app\\server\\routes\\publishingRoutes.js","statementMap":{"0":{"start":{"line":1,"column":16},"end":{"line":1,"column":34}},"1":{"start":{"line":2,"column":15},"end":{"line":2,"column":31}},"2":{"start":{"line":3,"column":19},"end":{"line":3,"column":50}},"3":{"start":{"line":4,"column":15},"end":{"line":4,"column":32}},"4":{"start":{"line":5,"column":13},"end":{"line":5,"column":28}},"5":{"start":{"line":8,"column":16},"end":{"line":16,"column":2}},"6":{"start":{"line":10,"column":8},"end":{"line":10,"column":29}},"7":{"start":{"line":14,"column":8},"end":{"line":14,"column":55}},"8":{"start":{"line":17,"column":15},"end":{"line":17,"column":43}},"9":{"start":{"line":22,"column":0},"end":{"line":61,"column":3}},"10":{"start":{"line":23,"column":2},"end":{"line":60,"column":3}},"11":{"start":{"line":24,"column":26},"end":{"line":24,"column":36}},"12":{"start":{"line":25,"column":90},"end":{"line":25,"column":98}},"13":{"start":{"line":26,"column":25},"end":{"line":26,"column":60}},"14":{"start":{"line":28,"column":21},"end":{"line":28,"column":60}},"15":{"start":{"line":30,"column":4},"end":{"line":54,"column":5}},"16":{"start":{"line":32,"column":6},"end":{"line":32,"column":31}},"17":{"start":{"line":33,"column":6},"end":{"line":33,"column":41}},"18":{"start":{"line":34,"column":6},"end":{"line":34,"column":35}},"19":{"start":{"line":35,"column":6},"end":{"line":35,"column":44}},"20":{"start":{"line":36,"column":6},"end":{"line":36,"column":61}},"21":{"start":{"line":37,"column":6},"end":{"line":37,"column":37}},"22":{"start":{"line":38,"column":6},"end":{"line":38,"column":63}},"23":{"start":{"line":38,"column":24},"end":{"line":38,"column":63}},"24":{"start":{"line":39,"column":6},"end":{"line":39,"column":30}},"25":{"start":{"line":42,"column":6},"end":{"line":52,"column":9}},"26":{"start":{"line":53,"column":6},"end":{"line":53,"column":30}},"27":{"start":{"line":56,"column":4},"end":{"line":56,"column":87}},"28":{"start":{"line":58,"column":4},"end":{"line":58,"column":23}},"29":{"start":{"line":59,"column":4},"end":{"line":59,"column":95}},"30":{"start":{"line":64,"column":0},"end":{"line":77,"column":3}},"31":{"start":{"line":65,"column":2},"end":{"line":76,"column":3}},"32":{"start":{"line":66,"column":24},"end":{"line":66,"column":47}},"33":{"start":{"line":68,"column":4},"end":{"line":70,"column":5}},"34":{"start":{"line":69,"column":6},"end":{"line":69,"column":91}},"35":{"start":{"line":72,"column":4},"end":{"line":72,"column":63}},"36":{"start":{"line":74,"column":4},"end":{"line":74,"column":23}},"37":{"start":{"line":75,"column":4},"end":{"line":75,"column":89}},"38":{"start":{"line":80,"column":0},"end":{"line":94,"column":3}},"39":{"start":{"line":81,"column":2},"end":{"line":93,"column":3}},"40":{"start":{"line":82,"column":26},"end":{"line":82,"column":36}},"41":{"start":{"line":83,"column":23},"end":{"line":83,"column":62}},"42":{"start":{"line":85,"column":4},"end":{"line":87,"column":5}},"43":{"start":{"line":86,"column":6},"end":{"line":86,"column":92}},"44":{"start":{"line":89,"column":4},"end":{"line":89,"column":25}},"45":{"start":{"line":91,"column":4},"end":{"line":91,"column":23}},"46":{"start":{"line":92,"column":4},"end":{"line":92,"column":89}},"47":{"start":{"line":97,"column":0},"end":{"line":111,"column":3}},"48":{"start":{"line":98,"column":2},"end":{"line":110,"column":3}},"49":{"start":{"line":99,"column":26},"end":{"line":99,"column":36}},"50":{"start":{"line":100,"column":23},"end":{"line":100,"column":71}},"51":{"start":{"line":102,"column":4},"end":{"line":104,"column":5}},"52":{"start":{"line":103,"column":6},"end":{"line":103,"column":92}},"53":{"start":{"line":106,"column":4},"end":{"line":106,"column":81}},"54":{"start":{"line":108,"column":4},"end":{"line":108,"column":23}},"55":{"start":{"line":109,"column":4},"end":{"line":109,"column":90}},"56":{"start":{"line":114,"column":0},"end":{"line":128,"column":3}},"57":{"start":{"line":115,"column":2},"end":{"line":127,"column":3}},"58":{"start":{"line":116,"column":26},"end":{"line":116,"column":36}},"59":{"start":{"line":117,"column":23},"end":{"line":117,"column":62}},"60":{"start":{"line":119,"column":4},"end":{"line":121,"column":5}},"61":{"start":{"line":120,"column":6},"end":{"line":120,"column":92}},"62":{"start":{"line":123,"column":4},"end":{"line":123,"column":25}},"63":{"start":{"line":125,"column":4},"end":{"line":125,"column":23}},"64":{"start":{"line":126,"column":4},"end":{"line":126,"column":89}},"65":{"start":{"line":139,"column":0},"end":{"line":156,"column":3}},"66":{"start":{"line":140,"column":2},"end":{"line":155,"column":3}},"67":{"start":{"line":141,"column":19},"end":{"line":141,"column":29}},"68":{"start":{"line":142,"column":23},"end":{"line":142,"column":52}},"69":{"start":{"line":144,"column":4},"end":{"line":146,"column":5}},"70":{"start":{"line":145,"column":6},"end":{"line":145,"column":87}},"71":{"start":{"line":148,"column":4},"end":{"line":148,"column":62}},"72":{"start":{"line":150,"column":4},"end":{"line":152,"column":5}},"73":{"start":{"line":151,"column":6},"end":{"line":151,"column":84}},"74":{"start":{"line":153,"column":4},"end":{"line":153,"column":23}},"75":{"start":{"line":154,"column":4},"end":{"line":154,"column":89}},"76":{"start":{"line":160,"column":0},"end":{"line":160,"column":24}}},"fnMap":{"0":{"name":"(anonymous_0)","decl":{"start":{"line":9,"column":17},"end":{"line":9,"column":18}},"loc":{"start":{"line":9,"column":41},"end":{"line":11,"column":5}},"line":9},"1":{"name":"(anonymous_1)","decl":{"start":{"line":12,"column":14},"end":{"line":12,"column":15}},"loc":{"start":{"line":12,"column":38},"end":{"line":15,"column":5}},"line":12},"2":{"name":"(anonymous_2)","decl":{"start":{"line":22,"column":65},"end":{"line":22,"column":66}},"loc":{"start":{"line":22,"column":85},"end":{"line":61,"column":1}},"line":22},"3":{"name":"(anonymous_3)","decl":{"start":{"line":64,"column":25},"end":{"line":64,"column":26}},"loc":{"start":{"line":64,"column":45},"end":{"line":77,"column":1}},"line":64},"4":{"name":"(anonymous_4)","decl":{"start":{"line":80,"column":26},"end":{"line":80,"column":27}},"loc":{"start":{"line":80,"column":46},"end":{"line":94,"column":1}},"line":80},"5":{"name":"(anonymous_5)","decl":{"start":{"line":97,"column":29},"end":{"line":97,"column":30}},"loc":{"start":{"line":97,"column":49},"end":{"line":111,"column":1}},"line":97},"6":{"name":"(anonymous_6)","decl":{"start":{"line":114,"column":26},"end":{"line":114,"column":27}},"loc":{"start":{"line":114,"column":46},"end":{"line":128,"column":1}},"line":114},"7":{"name":"(anonymous_7)","decl":{"start":{"line":139,"column":19},"end":{"line":139,"column":20}},"loc":{"start":{"line":139,"column":39},"end":{"line":156,"column":1}},"line":139}},"branchMap":{"0":{"loc":{"start":{"line":26,"column":25},"end":{"line":26,"column":60}},"type":"cond-expr","locations":[{"start":{"line":26,"column":36},"end":{"line":26,"column":53}},{"start":{"line":26,"column":56},"end":{"line":26,"column":60}}],"line":26},"1":{"loc":{"start":{"line":30,"column":4},"end":{"line":54,"column":5}},"type":"if","locations":[{"start":{"line":30,"column":4},"end":{"line":54,"column":5}},{"start":{"line":40,"column":11},"end":{"line":54,"column":5}}],"line":30},"2":{"loc":{"start":{"line":36,"column":34},"end":{"line":36,"column":60}},"type":"binary-expr","locations":[{"start":{"line":36,"column":34},"end":{"line":36,"column":48}},{"start":{"line":36,"column":52},"end":{"line":36,"column":60}}],"line":36},"3":{"loc":{"start":{"line":38,"column":6},"end":{"line":38,"column":63}},"type":"if","locations":[{"start":{"line":38,"column":6},"end":{"line":38,"column":63}},{"start":{},"end":{}}],"line":38},"4":{"loc":{"start":{"line":49,"column":24},"end":{"line":49,"column":50}},"type":"binary-expr","locations":[{"start":{"line":49,"column":24},"end":{"line":49,"column":38}},{"start":{"line":49,"column":42},"end":{"line":49,"column":50}}],"line":49},"5":{"loc":{"start":{"line":68,"column":4},"end":{"line":70,"column":5}},"type":"if","locations":[{"start":{"line":68,"column":4},"end":{"line":70,"column":5}},{"start":{},"end":{}}],"line":68},"6":{"loc":{"start":{"line":85,"column":4},"end":{"line":87,"column":5}},"type":"if","locations":[{"start":{"line":85,"column":4},"end":{"line":87,"column":5}},{"start":{},"end":{}}],"line":85},"7":{"loc":{"start":{"line":102,"column":4},"end":{"line":104,"column":5}},"type":"if","locations":[{"start":{"line":102,"column":4},"end":{"line":104,"column":5}},{"start":{},"end":{}}],"line":102},"8":{"loc":{"start":{"line":119,"column":4},"end":{"line":121,"column":5}},"type":"if","locations":[{"start":{"line":119,"column":4},"end":{"line":121,"column":5}},{"start":{},"end":{}}],"line":119},"9":{"loc":{"start":{"line":144,"column":4},"end":{"line":146,"column":5}},"type":"if","locations":[{"start":{"line":144,"column":4},"end":{"line":146,"column":5}},{"start":{},"end":{}}],"line":144},"10":{"loc":{"start":{"line":150,"column":4},"end":{"line":152,"column":5}},"type":"if","locations":[{"start":{"line":150,"column":4},"end":{"line":152,"column":5}},{"start":{},"end":{}}],"line":150}},"s":{"0":1,"1":1,"2":1,"3":1,"4":1,"5":1,"6":0,"7":0,"8":1,"9":1,"10":2,"11":2,"12":2,"13":2,"14":2,"15":2,"16":0,"17":0,"18":0,"19":0,"20":0,"21":0,"22":0,"23":0,"24":0,"25":2,"26":2,"27":1,"28":1,"29":1,"30":1,"31":2,"32":2,"33":2,"34":1,"35":1,"36":0,"37":0,"38":1,"39":5,"40":5,"41":5,"42":4,"43":3,"44":1,"45":1,"46":1,"47":1,"48":2,"49":2,"50":2,"51":2,"52":1,"53":1,"54":0,"55":0,"56":1,"57":0,"58":0,"59":0,"60":0,"61":0,"62":0,"63":0,"64":0,"65":1,"66":0,"67":0,"68":0,"69":0,"70":0,"71":0,"72":0,"73":0,"74":0,"75":0,"76":1},"f":{"0":0,"1":0,"2":2,"3":2,"4":5,"5":2,"6":0,"7":0},"b":{"0":[0,2],"1":[0,2],"2":[0,0],"3":[0,0],"4":[2,0],"5":[1,1],"6":[3,1],"7":[1,1],"8":[0,0],"9":[0,0],"10":[0,0]},"_coverageSchema":"1a1c01bbd47fc00a2c39e90264f33305004495a9","hash":"b1a241fa13007b19be2c067427dde02f1de21c59"}
,"C:\\Users\\saadq\\OneDrive\\Desktop\\VerseCraft Latest\\my-app\\server\\routes\\users.js": {"path":"C:\\Users\\saadq\\OneDrive\\Desktop\\VerseCraft Latest\\my-app\\server\\routes\\users.js","statementMap":{"0":{"start":{"line":3,"column":16},"end":{"line":3,"column":34}},"1":{"start":{"line":4,"column":15},"end":{"line":4,"column":31}},"2":{"start":{"line":5,"column":13},"end":{"line":5,"column":38}},"3":{"start":{"line":6,"column":15},"end":{"line":6,"column":32}},"4":{"start":{"line":7,"column":15},"end":{"line":7,"column":32}},"5":{"start":{"line":8,"column":12},"end":{"line":8,"column":35}},"6":{"start":{"line":9,"column":13},"end":{"line":9,"column":42}},"7":{"start":{"line":12,"column":16},"end":{"line":20,"column":2}},"8":{"start":{"line":14,"column":8},"end":{"line":14,"column":29}},"9":{"start":{"line":18,"column":8},"end":{"line":18,"column":55}},"10":{"start":{"line":21,"column":15},"end":{"line":21,"column":43}},"11":{"start":{"line":24,"column":0},"end":{"line":58,"column":3}},"12":{"start":{"line":25,"column":4},"end":{"line":57,"column":5}},"13":{"start":{"line":26,"column":79},"end":{"line":26,"column":87}},"14":{"start":{"line":29,"column":29},"end":{"line":29,"column":58}},"15":{"start":{"line":30,"column":8},"end":{"line":32,"column":9}},"16":{"start":{"line":31,"column":10},"end":{"line":31,"column":73}},"17":{"start":{"line":35,"column":31},"end":{"line":35,"column":62}},"18":{"start":{"line":37,"column":31},"end":{"line":37,"column":80}},"19":{"start":{"line":40,"column":24},"end":{"line":49,"column":10}},"20":{"start":{"line":51,"column":8},"end":{"line":51,"column":29}},"21":{"start":{"line":53,"column":8},"end":{"line":53,"column":75}},"22":{"start":{"line":55,"column":8},"end":{"line":55,"column":29}},"23":{"start":{"line":56,"column":8},"end":{"line":56,"column":56}},"24":{"start":{"line":61,"column":0},"end":{"line":107,"column":5}},"25":{"start":{"line":62,"column":4},"end":{"line":106,"column":5}},"26":{"start":{"line":63,"column":34},"end":{"line":63,"column":42}},"27":{"start":{"line":66,"column":6},"end":{"line":68,"column":7}},"28":{"start":{"line":67,"column":8},"end":{"line":67,"column":74}},"29":{"start":{"line":71,"column":19},"end":{"line":71,"column":48}},"30":{"start":{"line":72,"column":6},"end":{"line":74,"column":7}},"31":{"start":{"line":73,"column":8},"end":{"line":73,"column":70}},"32":{"start":{"line":77,"column":22},"end":{"line":77,"column":67}},"33":{"start":{"line":78,"column":6},"end":{"line":80,"column":7}},"34":{"start":{"line":79,"column":8},"end":{"line":79,"column":70}},"35":{"start":{"line":83,"column":23},"end":{"line":83,"column":67}},"36":{"start":{"line":86,"column":22},"end":{"line":91,"column":7}},"37":{"start":{"line":94,"column":6},"end":{"line":102,"column":8}},"38":{"start":{"line":99,"column":10},"end":{"line":99,"column":29}},"39":{"start":{"line":99,"column":19},"end":{"line":99,"column":29}},"40":{"start":{"line":100,"column":10},"end":{"line":100,"column":79}},"41":{"start":{"line":104,"column":6},"end":{"line":104,"column":27}},"42":{"start":{"line":105,"column":6},"end":{"line":105,"column":54}},"43":{"start":{"line":110,"column":0},"end":{"line":118,"column":3}},"44":{"start":{"line":111,"column":4},"end":{"line":117,"column":5}},"45":{"start":{"line":112,"column":22},"end":{"line":112,"column":39}},"46":{"start":{"line":113,"column":8},"end":{"line":113,"column":24}},"47":{"start":{"line":115,"column":8},"end":{"line":115,"column":29}},"48":{"start":{"line":116,"column":8},"end":{"line":116,"column":56}},"49":{"start":{"line":121,"column":0},"end":{"line":130,"column":3}},"50":{"start":{"line":122,"column":4},"end":{"line":122,"column":59}},"51":{"start":{"line":123,"column":4},"end":{"line":129,"column":5}},"52":{"start":{"line":124,"column":30},"end":{"line":124,"column":67}},"53":{"start":{"line":125,"column":8},"end":{"line":125,"column":32}},"54":{"start":{"line":127,"column":8},"end":{"line":127,"column":60}},"55":{"start":{"line":128,"column":8},"end":{"line":128,"column":55}},"56":{"start":{"line":133,"column":0},"end":{"line":141,"column":3}},"57":{"start":{"line":134,"column":4},"end":{"line":140,"column":5}},"58":{"start":{"line":135,"column":21},"end":{"line":135,"column":73}},"59":{"start":{"line":136,"column":8},"end":{"line":136,"column":23}},"60":{"start":{"line":138,"column":8},"end":{"line":138,"column":29}},"61":{"start":{"line":139,"column":8},"end":{"line":139,"column":56}},"62":{"start":{"line":144,"column":0},"end":{"line":175,"column":3}},"63":{"start":{"line":145,"column":4},"end":{"line":174,"column":5}},"64":{"start":{"line":146,"column":69},"end":{"line":146,"column":77}},"65":{"start":{"line":148,"column":29},"end":{"line":155,"column":9}},"66":{"start":{"line":158,"column":8},"end":{"line":160,"column":9}},"67":{"start":{"line":159,"column":12},"end":{"line":159,"column":94}},"68":{"start":{"line":163,"column":8},"end":{"line":165,"column":9}},"69":{"start":{"line":164,"column":12},"end":{"line":164,"column":90}},"70":{"start":{"line":168,"column":21},"end":{"line":168,"column":121}},"71":{"start":{"line":170,"column":8},"end":{"line":170,"column":23}},"72":{"start":{"line":172,"column":8},"end":{"line":172,"column":29}},"73":{"start":{"line":173,"column":8},"end":{"line":173,"column":56}},"74":{"start":{"line":178,"column":0},"end":{"line":211,"column":3}},"75":{"start":{"line":179,"column":4},"end":{"line":210,"column":5}},"76":{"start":{"line":180,"column":49},"end":{"line":180,"column":57}},"77":{"start":{"line":183,"column":8},"end":{"line":185,"column":9}},"78":{"start":{"line":184,"column":12},"end":{"line":184,"column":95}},"79":{"start":{"line":188,"column":21},"end":{"line":188,"column":53}},"80":{"start":{"line":189,"column":8},"end":{"line":191,"column":9}},"81":{"start":{"line":190,"column":12},"end":{"line":190,"column":69}},"82":{"start":{"line":194,"column":24},"end":{"line":194,"column":76}},"83":{"start":{"line":195,"column":8},"end":{"line":197,"column":9}},"84":{"start":{"line":196,"column":12},"end":{"line":196,"column":84}},"85":{"start":{"line":200,"column":34},"end":{"line":200,"column":68}},"86":{"start":{"line":203,"column":8},"end":{"line":203,"column":42}},"87":{"start":{"line":204,"column":8},"end":{"line":204,"column":26}},"88":{"start":{"line":206,"column":8},"end":{"line":206,"column":63}},"89":{"start":{"line":208,"column":8},"end":{"line":208,"column":29}},"90":{"start":{"line":209,"column":8},"end":{"line":209,"column":56}},"91":{"start":{"line":213,"column":0},"end":{"line":213,"column":24}}},"fnMap":{"0":{"name":"(anonymous_0)","decl":{"start":{"line":13,"column":17},"end":{"line":13,"column":18}},"loc":{"start":{"line":13,"column":41},"end":{"line":15,"column":5}},"line":13},"1":{"name":"(anonymous_1)","decl":{"start":{"line":16,"column":14},"end":{"line":16,"column":15}},"loc":{"start":{"line":16,"column":38},"end":{"line":19,"column":5}},"line":16},"2":{"name":"(anonymous_2)","decl":{"start":{"line":24,"column":49},"end":{"line":24,"column":50}},"loc":{"start":{"line":24,"column":69},"end":{"line":58,"column":1}},"line":24},"3":{"name":"(anonymous_3)","decl":{"start":{"line":61,"column":22},"end":{"line":61,"column":23}},"loc":{"start":{"line":61,"column":42},"end":{"line":107,"column":3}},"line":61},"4":{"name":"(anonymous_4)","decl":{"start":{"line":98,"column":8},"end":{"line":98,"column":9}},"loc":{"start":{"line":98,"column":24},"end":{"line":101,"column":9}},"line":98},"5":{"name":"(anonymous_5)","decl":{"start":{"line":110,"column":19},"end":{"line":110,"column":20}},"loc":{"start":{"line":110,"column":39},"end":{"line":118,"column":1}},"line":110},"6":{"name":"(anonymous_6)","decl":{"start":{"line":121,"column":33},"end":{"line":121,"column":34}},"loc":{"start":{"line":121,"column":53},"end":{"line":130,"column":1}},"line":121},"7":{"name":"(anonymous_7)","decl":{"start":{"line":133,"column":29},"end":{"line":133,"column":30}},"loc":{"start":{"line":133,"column":49},"end":{"line":141,"column":1}},"line":133},"8":{"name":"(anonymous_8)","decl":{"start":{"line":144,"column":122},"end":{"line":144,"column":123}},"loc":{"start":{"line":144,"column":142},"end":{"line":175,"column":1}},"line":144},"9":{"name":"(anonymous_9)","decl":{"start":{"line":178,"column":37},"end":{"line":178,"column":38}},"loc":{"start":{"line":178,"column":57},"end":{"line":211,"column":1}},"line":178}},"branchMap":{"0":{"loc":{"start":{"line":30,"column":8},"end":{"line":32,"column":9}},"type":"if","locations":[{"start":{"line":30,"column":8},"end":{"line":32,"column":9}},{"start":{},"end":{}}],"line":30},"1":{"loc":{"start":{"line":37,"column":31},"end":{"line":37,"column":80}},"type":"cond-expr","locations":[{"start":{"line":37,"column":42},"end":{"line":37,"column":75}},{"start":{"line":37,"column":78},"end":{"line":37,"column":80}}],"line":37},"2":{"loc":{"start":{"line":66,"column":6},"end":{"line":68,"column":7}},"type":"if","locations":[{"start":{"line":66,"column":6},"end":{"line":68,"column":7}},{"start":{},"end":{}}],"line":66},"3":{"loc":{"start":{"line":66,"column":10},"end":{"line":66,"column":29}},"type":"binary-expr","locations":[{"start":{"line":66,"column":10},"end":{"line":66,"column":16}},{"start":{"line":66,"column":20},"end":{"line":66,"column":29}}],"line":66},"4":{"loc":{"start":{"line":72,"column":6},"end":{"line":74,"column":7}},"type":"if","locations":[{"start":{"line":72,"column":6},"end":{"line":74,"column":7}},{"start":{},"end":{}}],"line":72},"5":{"loc":{"start":{"line":78,"column":6},"end":{"line":80,"column":7}},"type":"if","locations":[{"start":{"line":78,"column":6},"end":{"line":80,"column":7}},{"start":{},"end":{}}],"line":78},"6":{"loc":{"start":{"line":83,"column":23},"end":{"line":83,"column":67}},"type":"cond-expr","locations":[{"start":{"line":83,"column":51},"end":{"line":83,"column":58}},{"start":{"line":83,"column":61},"end":{"line":83,"column":67}}],"line":83},"7":{"loc":{"start":{"line":99,"column":10},"end":{"line":99,"column":29}},"type":"if","locations":[{"start":{"line":99,"column":10},"end":{"line":99,"column":29}},{"start":{},"end":{}}],"line":99},"8":{"loc":{"start":{"line":158,"column":8},"end":{"line":160,"column":9}},"type":"if","locations":[{"start":{"line":158,"column":8},"end":{"line":160,"column":9}},{"start":{},"end":{}}],"line":158},"9":{"loc":{"start":{"line":163,"column":8},"end":{"line":165,"column":9}},"type":"if","locations":[{"start":{"line":163,"column":8},"end":{"line":165,"column":9}},{"start":{},"end":{}}],"line":163},"10":{"loc":{"start":{"line":183,"column":8},"end":{"line":185,"column":9}},"type":"if","locations":[{"start":{"line":183,"column":8},"end":{"line":185,"column":9}},{"start":{},"end":{}}],"line":183},"11":{"loc":{"start":{"line":183,"column":12},"end":{"line":183,"column":44}},"type":"binary-expr","locations":[{"start":{"line":183,"column":12},"end":{"line":183,"column":28}},{"start":{"line":183,"column":32},"end":{"line":183,"column":44}}],"line":183},"12":{"loc":{"start":{"line":189,"column":8},"end":{"line":191,"column":9}},"type":"if","locations":[{"start":{"line":189,"column":8},"end":{"line":191,"column":9}},{"start":{},"end":{}}],"line":189},"13":{"loc":{"start":{"line":195,"column":8},"end":{"line":197,"column":9}},"type":"if","locations":[{"start":{"line":195,"column":8},"end":{"line":197,"column":9}},{"start":{},"end":{}}],"line":195}},"s":{"0":1,"1":1,"2":1,"3":1,"4":1,"5":1,"6":1,"7":1,"8":0,"9":0,"10":1,"11":1,"12":2,"13":2,"14":2,"15":2,"16":1,"17":1,"18":1,"19":1,"20":1,"21":1,"22":0,"23":0,"24":1,"25":6,"26":6,"27":6,"28":0,"29":6,"30":6,"31":1,"32":5,"33":5,"34":0,"35":5,"36":5,"37":5,"38":5,"39":0,"40":5,"41":0,"42":0,"43":1,"44":1,"45":1,"46":1,"47":0,"48":0,"49":1,"50":1,"51":1,"52":1,"53":1,"54":0,"55":0,"56":1,"57":0,"58":0,"59":0,"60":0,"61":0,"62":1,"63":0,"64":0,"65":0,"66":0,"67":0,"68":0,"69":0,"70":0,"71":0,"72":0,"73":0,"74":1,"75":0,"76":0,"77":0,"78":0,"79":0,"80":0,"81":0,"82":0,"83":0,"84":0,"85":0,"86":0,"87":0,"88":0,"89":0,"90":0,"91":1},"f":{"0":0,"1":0,"2":2,"3":6,"4":5,"5":1,"6":1,"7":0,"8":0,"9":0},"b":{"0":[1,1],"1":[0,1],"2":[0,6],"3":[6,6],"4":[1,5],"5":[0,5],"6":[0,5],"7":[0,5],"8":[0,0],"9":[0,0],"10":[0,0],"11":[0,0],"12":[0,0],"13":[0,0]},"_coverageSchema":"1a1c01bbd47fc00a2c39e90264f33305004495a9","hash":"ec57f9dcd83a1bdfe5cad344e18b5e9f1e133705"}
}
