TN:
SF:middleware\auth.js
FN:5,(anonymous_0)
FNF:1
FNH:1
FNDA:6,(anonymous_0)
DA:3,1
DA:5,1
DA:7,6
DA:10,6
DA:11,6
DA:15,0
DA:16,0
DA:17,0
DA:18,0
DA:20,0
LF:10
LH:5
BRDA:10,0,0,6
BRDA:10,0,1,0
BRF:2
BRH:1
end_of_record
TN:
SF:models\Chapter.js
FN:43,(anonymous_0)
FNF:1
FNH:1
FNDA:16,(anonymous_0)
DA:1,3
DA:3,3
DA:43,3
DA:44,16
DA:45,16
DA:48,3
DA:50,3
LF:7
LH:7
BRF:0
BRH:0
end_of_record
TN:
SF:models\CharacterModel.js
FNF:0
FNH:0
DA:3,1
DA:5,1
DA:10,1
DA:29,1
LF:4
LH:4
BRF:0
BRH:0
end_of_record
TN:
SF:models\Note.js
FNF:0
FNH:0
DA:3,1
DA:5,1
DA:21,1
DA:23,1
LF:4
LH:4
BRF:0
BRH:0
end_of_record
TN:
SF:models\Novel.js
FNF:0
FNH:0
DA:2,1
DA:5,1
DA:50,1
LF:3
LH:3
BRF:0
BRH:0
end_of_record
TN:
SF:models\NovelChapter.js
FN:16,(anonymous_0)
FNF:1
FNH:1
FNDA:2,(anonymous_0)
DA:3,1
DA:5,1
DA:16,1
DA:17,2
DA:18,2
DA:21,1
LF:6
LH:6
BRF:0
BRH:0
end_of_record
TN:
SF:models\Plot.js
FNF:0
FNH:0
DA:3,1
DA:5,1
DA:19,1
DA:32,1
LF:4
LH:4
BRF:0
BRH:0
end_of_record
TN:
SF:models\Publishing.js
FNF:0
FNH:0
DA:1,1
DA:2,1
DA:5,1
DA:17,1
LF:4
LH:4
BRF:0
BRH:0
end_of_record
TN:
SF:models\Story.js
FNF:0
FNH:0
DA:2,3
DA:5,3
DA:49,3
LF:3
LH:3
BRF:0
BRH:0
end_of_record
TN:
SF:models\User.js
FNF:0
FNH:0
DA:3,1
DA:5,1
DA:18,1
LF:3
LH:3
BRF:0
BRH:0
end_of_record
TN:
SF:routes\CharacterRouter.js
FN:11,(anonymous_0)
FN:14,(anonymous_1)
FN:23,(anonymous_2)
FN:78,(anonymous_3)
FN:94,(anonymous_4)
FN:108,(anonymous_5)
FN:173,(anonymous_6)
FNF:7
FNH:5
FNDA:0,(anonymous_0)
FNDA:0,(anonymous_1)
FNDA:1,(anonymous_2)
FNDA:1,(anonymous_3)
FNDA:1,(anonymous_4)
FNDA:1,(anonymous_5)
FNDA:1,(anonymous_6)
DA:3,1
DA:4,1
DA:5,1
DA:6,1
DA:7,1
DA:10,1
DA:12,0
DA:15,0
DA:16,0
DA:20,1
DA:23,1
DA:24,1
DA:40,1
DA:43,1
DA:44,1
DA:45,1
DA:46,1
DA:47,1
DA:48,1
DA:49,1
DA:51,1
DA:69,1
DA:70,1
DA:72,0
DA:73,0
DA:78,1
DA:79,1
DA:80,1
DA:81,1
DA:82,0
DA:84,1
DA:85,1
DA:87,0
DA:88,0
DA:94,1
DA:95,1
DA:96,1
DA:97,1
DA:98,0
DA:100,1
DA:102,0
DA:103,0
DA:108,1
DA:109,1
DA:124,1
DA:127,1
DA:128,1
DA:129,1
DA:130,1
DA:131,1
DA:132,1
DA:133,1
DA:135,1
DA:151,1
DA:152,0
DA:155,1
DA:161,1
DA:162,0
DA:165,1
DA:167,0
DA:168,0
DA:173,1
DA:174,1
DA:175,1
DA:176,1
DA:177,0
DA:179,1
DA:181,0
DA:182,0
DA:186,1
LF:70
LH:52
BRDA:43,0,0,0
BRDA:43,0,1,1
BRDA:44,1,0,0
BRDA:44,1,1,1
BRDA:45,2,0,0
BRDA:45,2,1,1
BRDA:46,3,0,0
BRDA:46,3,1,1
BRDA:47,4,0,0
BRDA:47,4,1,1
BRDA:48,5,0,0
BRDA:48,5,1,1
BRDA:49,6,0,0
BRDA:49,6,1,1
BRDA:66,7,0,0
BRDA:66,7,1,1
BRDA:81,8,0,0
BRDA:81,8,1,1
BRDA:97,9,0,0
BRDA:97,9,1,1
BRDA:127,10,0,0
BRDA:127,10,1,1
BRDA:128,11,0,0
BRDA:128,11,1,1
BRDA:129,12,0,0
BRDA:129,12,1,1
BRDA:130,13,0,0
BRDA:130,13,1,1
BRDA:131,14,0,0
BRDA:131,14,1,1
BRDA:132,15,0,0
BRDA:132,15,1,1
BRDA:133,16,0,0
BRDA:133,16,1,1
BRDA:151,17,0,0
BRDA:151,17,1,1
BRDA:161,18,0,0
BRDA:161,18,1,1
BRDA:176,19,0,0
BRDA:176,19,1,1
BRF:40
BRH:20
end_of_record
TN:
SF:routes\PlotRoutes.js
FN:15,(anonymous_0)
FN:34,(anonymous_1)
FN:53,(anonymous_2)
FN:75,(anonymous_3)
FN:98,(anonymous_4)
FN:114,(anonymous_5)
FNF:6
FNH:4
FNDA:2,(anonymous_0)
FNDA:3,(anonymous_1)
FNDA:0,(anonymous_2)
FNDA:3,(anonymous_3)
FNDA:0,(anonymous_4)
FNDA:2,(anonymous_5)
DA:3,1
DA:4,1
DA:5,1
DA:6,1
DA:15,1
DA:16,2
DA:17,2
DA:25,2
DA:26,2
DA:28,0
DA:29,0
DA:34,1
DA:35,3
DA:36,3
DA:37,3
DA:40,3
DA:41,1
DA:51,2
DA:52,2
DA:53,0
DA:60,2
DA:66,2
DA:67,2
DA:69,0
DA:70,0
DA:75,1
DA:76,3
DA:77,3
DA:78,3
DA:81,3
DA:82,3
DA:83,1
DA:87,2
DA:88,1
DA:89,0
DA:91,1
DA:93,2
DA:94,0
DA:95,0
DA:98,0
DA:105,2
DA:106,2
DA:108,0
DA:109,0
DA:114,1
DA:115,2
DA:116,2
DA:119,2
DA:120,2
DA:121,1
DA:124,1
DA:125,0
DA:127,1
DA:128,1
DA:132,1
LF:55
LH:43
BRDA:40,0,0,1
BRDA:40,0,1,2
BRDA:40,1,0,3
BRDA:40,1,1,2
BRDA:52,2,0,0
BRDA:52,2,1,2
BRDA:52,3,0,2
BRDA:52,3,1,0
BRDA:54,4,0,0
BRDA:54,4,1,0
BRDA:55,5,0,0
BRDA:55,5,1,0
BRDA:56,6,0,0
BRDA:56,6,1,0
BRDA:82,7,0,1
BRDA:82,7,1,2
BRDA:87,8,0,1
BRDA:87,8,1,1
BRDA:88,9,0,0
BRDA:88,9,1,1
BRDA:93,10,0,0
BRDA:93,10,1,2
BRDA:94,11,0,0
BRDA:94,11,1,0
BRDA:99,12,0,0
BRDA:99,12,1,0
BRDA:100,13,0,0
BRDA:100,13,1,0
BRDA:101,14,0,0
BRDA:101,14,1,0
BRDA:120,15,0,1
BRDA:120,15,1,1
BRF:32
BRH:14
end_of_record
TN:
SF:routes\getChapter.js
FN:13,(anonymous_0)
FNF:1
FNH:1
FNDA:4,(anonymous_0)
DA:1,1
DA:2,1
DA:5,1
DA:6,1
DA:7,1
DA:8,1
DA:9,1
DA:10,1
DA:13,1
DA:14,4
DA:16,4
DA:18,4
DA:19,4
DA:21,1
DA:22,1
DA:26,3
DA:27,3
DA:29,1
DA:30,1
DA:34,2
DA:35,2
DA:37,0
DA:38,0
DA:42,2
DA:45,0
DA:46,0
DA:50,1
LF:27
LH:23
BRDA:19,0,0,1
BRDA:19,0,1,3
BRDA:27,1,0,1
BRDA:27,1,1,2
BRDA:35,2,0,0
BRDA:35,2,1,2
BRF:6
BRH:5
end_of_record
TN:
SF:routes\noteRoutes
FN:9,(anonymous_0)
FN:28,(anonymous_1)
FN:50,(anonymous_2)
FN:61,(anonymous_3)
FN:74,(anonymous_4)
FNF:5
FNH:4
FNDA:5,(anonymous_0)
FNDA:1,(anonymous_1)
FNDA:0,(anonymous_2)
FNDA:2,(anonymous_3)
FNDA:3,(anonymous_4)
DA:3,1
DA:4,1
DA:5,1
DA:6,1
DA:9,1
DA:10,5
DA:11,5
DA:12,5
DA:13,4
DA:15,1
DA:16,1
DA:18,0
DA:19,0
DA:28,1
DA:29,1
DA:30,1
DA:32,1
DA:33,1
DA:36,0
DA:41,0
DA:42,0
DA:44,0
DA:45,0
DA:50,1
DA:51,0
DA:52,0
DA:53,0
DA:55,0
DA:56,0
DA:61,1
DA:62,2
DA:63,2
DA:64,2
DA:66,1
DA:68,0
DA:69,0
DA:74,1
DA:75,3
DA:76,3
DA:78,3
DA:79,1
DA:82,2
DA:83,2
DA:84,1
DA:87,1
DA:88,1
DA:89,1
DA:91,0
DA:92,0
DA:96,1
LF:50
LH:34
BRDA:12,0,0,4
BRDA:12,0,1,1
BRDA:32,1,0,1
BRDA:32,1,1,0
BRDA:32,2,0,1
BRDA:32,2,1,0
BRDA:64,3,0,1
BRDA:64,3,1,1
BRDA:78,4,0,1
BRDA:78,4,1,2
BRDA:78,5,0,3
BRDA:78,5,1,2
BRDA:83,6,0,1
BRDA:83,6,1,1
BRF:14
BRH:12
end_of_record
TN:
SF:routes\publishingRoutes.js
FN:9,(anonymous_0)
FN:12,(anonymous_1)
FN:22,(anonymous_2)
FN:64,(anonymous_3)
FN:80,(anonymous_4)
FN:97,(anonymous_5)
FN:114,(anonymous_6)
FN:139,(anonymous_7)
FNF:8
FNH:4
FNDA:0,(anonymous_0)
FNDA:0,(anonymous_1)
FNDA:2,(anonymous_2)
FNDA:2,(anonymous_3)
FNDA:5,(anonymous_4)
FNDA:2,(anonymous_5)
FNDA:0,(anonymous_6)
FNDA:0,(anonymous_7)
DA:1,1
DA:2,1
DA:3,1
DA:4,1
DA:5,1
DA:8,1
DA:10,0
DA:14,0
DA:17,1
DA:22,1
DA:23,2
DA:24,2
DA:25,2
DA:26,2
DA:28,2
DA:30,2
DA:32,0
DA:33,0
DA:34,0
DA:35,0
DA:36,0
DA:37,0
DA:38,0
DA:39,0
DA:42,2
DA:53,2
DA:56,1
DA:58,1
DA:59,1
DA:64,1
DA:65,2
DA:66,2
DA:68,2
DA:69,1
DA:72,1
DA:74,0
DA:75,0
DA:80,1
DA:81,5
DA:82,5
DA:83,5
DA:85,4
DA:86,3
DA:89,1
DA:91,1
DA:92,1
DA:97,1
DA:98,2
DA:99,2
DA:100,2
DA:102,2
DA:103,1
DA:106,1
DA:108,0
DA:109,0
DA:114,1
DA:115,0
DA:116,0
DA:117,0
DA:119,0
DA:120,0
DA:123,0
DA:125,0
DA:126,0
DA:139,1
DA:140,0
DA:141,0
DA:142,0
DA:144,0
DA:145,0
DA:148,0
DA:150,0
DA:151,0
DA:153,0
DA:154,0
DA:160,1
LF:76
LH:44
BRDA:26,0,0,0
BRDA:26,0,1,2
BRDA:30,1,0,0
BRDA:30,1,1,2
BRDA:36,2,0,0
BRDA:36,2,1,0
BRDA:38,3,0,0
BRDA:38,3,1,0
BRDA:49,4,0,2
BRDA:49,4,1,0
BRDA:68,5,0,1
BRDA:68,5,1,1
BRDA:85,6,0,3
BRDA:85,6,1,1
BRDA:102,7,0,1
BRDA:102,7,1,1
BRDA:119,8,0,0
BRDA:119,8,1,0
BRDA:144,9,0,0
BRDA:144,9,1,0
BRDA:150,10,0,0
BRDA:150,10,1,0
BRF:22
BRH:9
end_of_record
TN:
SF:routes\users.js
FN:13,(anonymous_0)
FN:16,(anonymous_1)
FN:24,(anonymous_2)
FN:61,(anonymous_3)
FN:98,(anonymous_4)
FN:110,(anonymous_5)
FN:121,(anonymous_6)
FN:133,(anonymous_7)
FN:144,(anonymous_8)
FN:178,(anonymous_9)
FNF:10
FNH:5
FNDA:0,(anonymous_0)
FNDA:0,(anonymous_1)
FNDA:2,(anonymous_2)
FNDA:6,(anonymous_3)
FNDA:5,(anonymous_4)
FNDA:1,(anonymous_5)
FNDA:1,(anonymous_6)
FNDA:0,(anonymous_7)
FNDA:0,(anonymous_8)
FNDA:0,(anonymous_9)
DA:3,1
DA:4,1
DA:5,1
DA:6,1
DA:7,1
DA:8,1
DA:9,1
DA:12,1
DA:14,0
DA:18,0
DA:21,1
DA:24,1
DA:25,2
DA:26,2
DA:29,2
DA:30,2
DA:31,1
DA:35,1
DA:37,1
DA:40,1
DA:51,1
DA:53,1
DA:55,0
DA:56,0
DA:61,1
DA:62,6
DA:63,6
DA:66,6
DA:67,0
DA:71,6
DA:72,6
DA:73,1
DA:77,5
DA:78,5
DA:79,0
DA:83,5
DA:86,5
DA:94,5
DA:99,5
DA:100,5
DA:104,0
DA:105,0
DA:110,1
DA:111,1
DA:112,1
DA:113,1
DA:115,0
DA:116,0
DA:121,1
DA:122,1
DA:123,1
DA:124,1
DA:125,1
DA:127,0
DA:128,0
DA:133,1
DA:134,0
DA:135,0
DA:136,0
DA:138,0
DA:139,0
DA:144,1
DA:145,0
DA:146,0
DA:148,0
DA:158,0
DA:159,0
DA:163,0
DA:164,0
DA:168,0
DA:170,0
DA:172,0
DA:173,0
DA:178,1
DA:179,0
DA:180,0
DA:183,0
DA:184,0
DA:188,0
DA:189,0
DA:190,0
DA:194,0
DA:195,0
DA:196,0
DA:200,0
DA:203,0
DA:204,0
DA:206,0
DA:208,0
DA:209,0
DA:213,1
LF:91
LH:47
BRDA:30,0,0,1
BRDA:30,0,1,1
BRDA:37,1,0,0
BRDA:37,1,1,1
BRDA:66,2,0,0
BRDA:66,2,1,6
BRDA:66,3,0,6
BRDA:66,3,1,6
BRDA:72,4,0,1
BRDA:72,4,1,5
BRDA:78,5,0,0
BRDA:78,5,1,5
BRDA:83,6,0,0
BRDA:83,6,1,5
BRDA:99,7,0,0
BRDA:99,7,1,5
BRDA:158,8,0,0
BRDA:158,8,1,0
BRDA:163,9,0,0
BRDA:163,9,1,0
BRDA:183,10,0,0
BRDA:183,10,1,0
BRDA:183,11,0,0
BRDA:183,11,1,0
BRDA:189,12,0,0
BRDA:189,12,1,0
BRDA:195,13,0,0
BRDA:195,13,1,0
BRF:28
BRH:11
end_of_record
